TimeStep Temps_Update Temps_Display Temps_Total
1 0.0295624 0.281732
2 0.028031 0.546483
3 0.0318816 0.705479
4 0.0161783 0.864285
5 0.0113438 0.996588
6 0.0179581 1.12154
7 0.0110075 1.26043
8 0.0152504 1.41016
9 0.0091138 1.53487
10 0.0107957 1.67225
11 0.0139718 1.80094
12 0.0077773 1.93548
13 0.0137967 2.07232
14 0.0425849 2.21879
15 0.0128503 2.36187
16 0.0170394 2.49745
17 0.009097 2.63206
18 0.0105962 2.75921
19 0.0071468 2.88617
20 0.0136861 3.02292
21 0.00935789 3.1498
22 0.0120008 3.27703
23 0.0209118 3.40642
24 0.0108857 3.56391
25 0.0148912 3.69332
26 0.015182 3.83366
27 0.0110236 3.96846
28 0.0146785 4.09534
29 0.0135498 4.23065
30 0.0112877 4.36328
31 0.0164922 4.48779
32 0.01423 4.63838
33 0.0072837 4.78524
34 0.0185281 4.93162
35 0.0122006 5.05879
36 0.0109507 5.18533
37 0.0118281 5.32132
38 0.0104068 5.4602
39 0.015148 5.59462
40 0.0145154 5.7304
41 0.0156382 5.85465
42 0.0133678 5.98554
43 0.0131636 6.11654
44 0.0155784 6.25878
45 0.0166016 6.40151
46 0.0189411 6.55983
47 0.0202534 6.70814
48 0.020355 6.85092
49 0.0191711 7.00011
50 0.025231 7.18584
51 0.0190734 7.34276
52 0.0215453 7.49957
53 0.0163287 7.63975
54 0.012593 7.77262
55 0.0107591 7.91955
56 0.0101185 8.06492
57 0.0117173 8.19625
58 0.0209333 8.33377
59 0.0149299 8.47227
60 0.0139126 8.6143
61 0.0075919 8.74429
62 0.00958959 8.87971
63 0.0211146 9.01803
64 0.0188151 9.18617
65 0.0110282 9.32869
66 0.0395369 9.56178
67 0.00893809 9.78559
68 0.0118037 9.92129
69 0.0110741 10.0652
70 0.0128104 10.2001
71 0.012716 10.3278
72 0.0164333 10.4621
73 0.0170194 10.5966
74 0.0162125 10.7277
75 0.0118739 10.8601
76 0.0100997 11.0035
77 0.0141489 11.1363
78 0.0116644 11.2722
79 0.0163484 11.4085
80 0.0115305 11.5505
81 0.013563 11.6687
82 0.0208735 11.8423
83 0.0092511 11.99
84 0.0126758 12.1171
85 0.0114166 12.2691
86 0.0137368 12.3992
87 0.0171615 12.553
88 0.017879 12.6845
89 0.0138977 12.8132
90 0.016361 12.9427
91 0.0128291 13.0811
92 0.0165088 13.2099
93 0.020142 13.3341
94 0.0084508 13.4612
95 0.0170674 13.5989
96 0.0151467 13.7347
97 0.0119999 13.8551
98 0.0133004 13.9831
99 0.0143583 14.1262
100 0.016284 14.2639
101 0.0119859 14.4019
102 0.0147322 14.5392
103 0.0169096 14.6831
104 0.0174037 14.8156
105 0.0180984 14.9505
106 0.0128754 15.0847
107 0.018212 15.2108
108 0.0202933 15.3436
109 0.0107496 15.4793
110 0.0128474 15.6
111 0.0120399 15.7289
112 0.0158186 15.8649
113 0.015272 15.9981
114 0.0129329 16.1319
115 0.0217118 16.2646
116 0.016177 16.3956
117 0.0151065 16.5331
118 0.0181659 16.6561
119 0.017372 16.7932
120 0.0163212 16.9313
121 0.0197746 17.0689
122 0.015171 17.2105
123 0.0162249 17.3473
124 0.0218989 17.4753
125 0.0205352 17.6147
126 0.017665 17.74
127 0.0205471 17.8808
128 0.0167359 18.009
129 0.0201161 18.1381
130 0.0186819 18.2722
131 0.0213904 18.4133
132 0.0204749 18.5467
133 0.0198621 18.6815
134 0.0243728 18.8153
135 0.0171607 18.9524
136 0.0170517 19.0863
137 0.0157605 19.2059
138 0.0199331 19.3376
139 0.0184704 19.4655
140 0.0195089 19.5938
141 0.0318982 19.7284
142 0.02419 19.8668
143 0.029394 20.0181
144 0.0151896 20.1503
145 0.0253195 20.2777
146 0.0208031 20.4192
147 0.0217604 20.5419
148 0.0178725 20.6805
149 0.0199877 20.811
150 0.0191902 20.9462
151 0.0198233 21.0727
152 0.0141189 21.2111
153 0.0199619 21.3353
154 0.0178137 21.4613
155 0.0183303 21.5874
156 0.0194603 21.7271
157 0.0195395 21.8599
158 0.0263997 21.9921
159 0.0861156 22.1785
160 0.0175422 22.3211
161 0.0176679 22.4425
162 0.0244367 22.5762
163 0.0232844 22.7146
164 0.0186665 22.8448
165 0.0218843 22.9715
166 0.0409253 23.1222
167 0.0173932 23.2608
168 0.0241471 23.4281
169 0.0101287 23.5631
170 0.020627 23.693
171 0.0193876 23.8171
172 0.0189174 23.9673
173 0.0191397 24.0951
174 0.0247419 24.2253
175 0.0238581 24.3642
176 0.0147671 24.5007
177 0.0209727 24.6304
178 0.0280279 24.7704
179 0.0407483 24.9173
180 0.0211163 25.0678
181 0.0303881 25.2069
182 0.0283473 25.3629
183 0.0204614 25.5002
184 0.022175 25.6295
185 0.0190861 25.7558
186 0.0179118 25.8925
187 0.0250066 26.0264
188 0.0260146 26.1705
189 0.0261832 26.3063
190 0.0223737 26.4468
191 0.0316567 26.589
192 0.0275291 26.729
193 0.0191536 26.8545
194 0.0384213 26.9984
195 0.0366221 27.1762
196 0.0260636 27.3173
197 0.0251276 27.4588
198 0.021252 27.5882
199 0.030552 27.7262
200 0.0234832 27.8521
201 0.0214765 27.9851
202 0.0349989 28.1269
203 0.0230674 28.2683
204 0.0320966 28.4006
205 0.094829 28.6003
206 0.0537793 28.755
207 0.0584522 28.9558
208 0.0312384 29.0955
209 0.0344941 29.2344
210 0.0217704 29.3723
211 0.0291966 29.502
212 0.0573876 29.6694
213 0.0427377 29.8176
214 0.0347389 29.9539
215 0.0260071 30.0842
216 0.0252209 30.2196
217 0.0287767 30.3535
218 0.0213503 30.492
219 0.0221534 30.6279
220 0.021012 30.7532
221 0.0243095 30.8831
222 0.03745 31.0226
223 0.037704 31.1671
224 0.0206 31.3073
225 0.0219565 31.4386
226 0.0212379 31.5701
227 0.0249821 31.7019
228 0.0331669 31.8385
229 0.0270251 31.9752
230 0.0593204 32.1364
231 0.0253226 32.2939
232 0.0354332 32.4318
233 0.0419266 32.5749
234 0.0249717 32.7004
235 0.0225994 32.8365
236 0.0294149 32.9716
237 0.0473597 33.1205
238 0.0245316 33.2638
239 0.0379967 33.4079
240 0.0262399 33.5459
241 0.0446839 33.692
242 0.0212349 33.8479
243 0.0343199 33.986
244 0.0419146 34.1356
245 0.0357982 34.2723
246 0.0389436 34.4136
247 0.027418 34.5494
248 0.0513964 34.7112
249 0.0325924 34.8465
250 0.044351 34.9949
251 0.0233771 35.1306
252 0.0321948 35.2704
253 0.0314298 35.4151
254 0.0378015 35.5583
255 0.0305284 35.7044
256 0.0314053 35.8373
257 0.0325218 35.9749
258 0.0515338 36.1343
259 0.0478363 36.2826
260 0.0263914 36.4228
261 0.042658 36.5678
262 0.0276482 36.6987
263 0.0533233 36.8573
264 0.0399871 36.9992
265 0.0541535 37.1969
266 0.0499184 37.3618
267 0.0362651 37.5012
268 0.0355224 37.6379
269 0.0494718 37.7924
270 0.0343221 37.9335
271 0.0445956 38.0838
272 0.0495689 38.237
273 0.0444337 38.3837
274 0.0434846 38.5312
275 0.0571248 38.6894
276 0.038884 38.8373
277 0.0445563 38.991
278 0.0297196 39.1372
279 0.0464818 39.2861
280 0.0393025 39.4292
281 0.0422111 39.5749
282 0.0794852 39.7795
283 0.0427118 39.9228
284 0.0305708 40.0629
285 0.0326705 40.1989
286 0.037489 40.3391
287 0.0381014 40.4874
288 0.0343319 40.6257
289 0.0495227 40.7757
290 0.0510462 40.9277
291 0.0395584 41.07
292 0.0490641 41.2202
293 0.0315193 41.3556
294 0.0443145 41.5069
295 0.0698161 41.6775
296 0.058778 41.8371
297 0.0379405 41.9814
298 0.0476784 42.1334
299 0.0550483 42.2893
300 0.0526903 42.4458
301 0.0456058 42.5946
302 0.0612327 42.7568
303 0.0476563 42.9053
304 0.0442699 43.0501
305 0.0486984 43.2005
306 0.0500849 43.3536
307 0.0510052 43.5078
308 0.0416552 43.6519
309 0.0485017 43.8021
310 0.0410663 43.9443
311 0.0867502 44.1341
312 0.0415816 44.2802
313 0.0505516 44.4392
314 0.0608828 44.6008
315 0.0307227 44.7325
316 0.0649104 44.8988
317 0.0423912 45.0456
318 0.0619423 45.2093
319 0.0513214 45.3773
320 0.0477474 45.5312
321 0.0703387 45.7018
322 0.02973 45.8356
323 0.041615 45.978
324 0.0466264 46.126
325 0.0559586 46.2917
326 0.0545551 46.4506
327 0.0428072 46.5953
328 0.0471382 46.7443
329 0.0496509 46.9029
330 0.0587496 47.0624
331 0.0518147 47.2154
332 0.0532449 47.3769
333 0.0425975 47.5206
334 0.0488709 47.673
335 0.0487103 47.8257
336 0.0480037 47.9758
337 0.0492008 48.1373
338 0.061312 48.2997
339 0.0540841 48.4549
340 0.0507783 48.6085
341 0.0354461 48.7529
342 0.0473414 48.9015
343 0.111187 49.1135
344 0.0405518 49.2547
345 0.0500118 49.4078
346 0.0454703 49.5552
347 0.050881 49.7158
348 0.0633058 49.8798
349 0.0726649 50.0534
350 0.0848958 50.2414
351 0.0474629 50.3933
352 0.045662 50.5449
353 0.0483558 50.6971
354 0.0503617 50.8486
355 0.0389086 50.9904
356 0.0469592 51.1393
357 0.0582003 51.2983
358 0.0344963 51.4381
359 0.060755 51.6085
360 0.0533228 51.7707
361 0.0615418 51.933
362 0.0593719 52.0951
363 0.0848941 52.2808
364 0.0391962 52.4212
365 0.0488582 52.5757
366 0.0627068 52.7393
367 0.0522334 52.8926
368 0.0488927 53.0434
369 0.0517194 53.1976
370 0.0252206 53.3428
371 0.0355959 53.4874
372 0.0476411 53.6372
373 0.0431992 53.7833
374 0.044872 53.9303
375 0.0424564 54.0766
376 0.0337411 54.2116
377 0.0505354 54.3654
378 0.0430833 54.515
379 0.0488689 54.6665
380 0.0365508 54.8139
381 0.0517849 54.9667
382 0.0409785 55.1142
383 0.04227 55.261
384 0.0336732 55.3962
385 0.0415047 55.543
386 0.0379899 55.6817
387 0.0294031 55.8114
388 0.0538076 55.966
389 0.049672 56.1193
390 0.036026 56.2643
391 0.0375082 56.4054
392 0.0531031 56.5617
393 0.0554607 56.7202
394 0.0346799 56.8585
395 0.0523051 57.0115
396 0.0693606 57.1915
397 0.0434401 57.3358
398 0.0497971 57.4864
399 0.0461208 57.6354
400 0.0389591 57.7854
401 0.040527 57.9344
402 0.0427036 58.0798
403 0.0249673 58.2282
404 0.0341006 58.3658
405 0.0344439 58.509
406 0.0476246 58.6653
407 0.0500485 58.8238
408 0.0549242 58.9814
409 0.0443369 59.1264
410 0.0536005 59.2812
411 0.0376445 59.4273
412 0.0425684 59.5743
413 0.0322533 59.7174
414 0.0380615 59.8608
415 0.0409987 60.0045
416 0.0548866 60.1639
417 0.0545015 60.3195
418 0.0494468 60.4697
419 0.0237727 60.6106
420 0.03165 60.7486
421 0.0499873 60.9074
422 0.0299464 61.0473
423 0.0246784 61.1819
424 0.0305348 61.3234
425 0.0434474 61.4689
426 0.0354969 61.6058
427 0.0263934 61.7375
428 0.0462727 61.8862
429 0.0281206 62.0254
430 0.0443141 62.1707
431 0.0299943 62.3031
432 0.0350306 62.4387
433 0.0290624 62.5832
434 0.0295225 62.7186
435 0.0390211 62.8623
436 0.0259396 63.0014
437 0.0289035 63.131
438 0.0265261 63.2774
439 0.0263813 63.4111
440 0.0363366 63.5513
441 0.0299168 63.6941
442 0.0218128 63.8334
443 0.0211603 63.9763
444 0.0433767 64.122
445 0.053071 64.276
446 0.0413036 64.4178
447 0.022101 64.576
448 0.0287668 64.7273
449 0.0429936 64.8763
450 0.0226346 65.0033
451 0.0255851 65.1484
452 0.0289021 65.2791
453 0.0253245 65.4106
454 0.0291138 65.5447
455 0.0298896 65.6973
456 0.0310244 65.8317
457 0.0297155 65.9685
458 0.088298 66.1571
459 0.0371316 66.2954
460 0.0267101 66.4331
461 0.0411038 66.5765
462 0.0302059 66.715
463 0.027042 66.8445
464 0.0307459 66.9784
465 0.0544751 67.1376
466 0.0380659 67.326
467 0.0247095 67.4649
468 0.0459404 67.612
469 0.03619 67.7518
470 0.0338104 67.8888
471 0.0263074 68.0281
472 0.0250274 68.1649
473 0.0245044 68.2978
474 0.0234563 68.4412
475 0.0396531 68.5857
476 0.0237399 68.7144
477 0.0303889 68.8461
478 0.0334578 68.9802
479 0.0241098 69.1153
480 0.0216715 69.239
481 0.0296639 69.3751
482 0.0387716 69.5217
483 0.0243576 69.6577
484 0.0371971 69.7995
485 0.0239228 69.933
486 0.0204514 70.0708
487 0.0192904 70.2055
488 0.0268382 70.3458
489 0.0555129 70.5384
490 0.0243942 70.692
491 0.037584 70.8333
492 0.0175173 70.9582
493 0.0713774 71.1617
494 0.0399536 71.3503
495 0.0242531 71.4997
496 0.0226838 71.6425
497 0.0229872 71.7919
498 0.0196042 71.9244
499 0.0232325 72.0628
500 0.0587799 72.2288
501 0.0216941 72.37
502 0.0197688 72.5073
503 0.0276169 72.6419
504 0.0186885 72.7718
505 0.0173385 72.9115
506 0.0237527 73.0524
507 0.0179942 73.1992
508 0.0212445 73.3243
509 0.0223266 73.4642
510 0.0247852 73.5973
511 0.019908 73.7203
512 0.0242357 73.8673
513 0.0149942 73.9989
514 0.0201399 74.1257
515 0.0210292 74.2585
516 0.0190618 74.3944
517 0.0209496 74.534
518 0.021127 74.669
519 0.0210575 74.8143
520 0.0259673 74.9573
521 0.0212671 75.0796
522 0.0195345 75.217
523 0.0208292 75.3555
524 0.0148233 75.487
525 0.022625 75.6274
526 0.0190674 75.7706
527 0.0137572 75.9074
528 0.0253118 76.0597
529 0.0154104 76.1904
530 0.0177672 76.3248
531 0.0170451 76.4601
532 0.0149769 76.5974
533 0.018536 76.7335
534 0.0164312 76.8646
535 0.0212157 77.0006
536 0.0229519 77.1621
537 0.0215092 77.3037
538 0.0192226 77.4389
539 0.0213555 77.5788
540 0.0212934 77.719
541 0.0160266 77.8524
542 0.0195535 77.9997
543 0.0160878 78.1315
544 0.018568 78.255
545 0.0380223 78.395
546 0.0139649 78.5323
547 0.0199649 78.6742
548 0.0192678 78.8109
549 0.0187555 78.9622
550 0.0211488 79.099
551 0.0177417 79.2341
552 0.0202674 79.3751
553 0.0134611 79.5001
554 0.0190809 79.6471
555 0.0174726 79.7951
556 0.0217351 79.9354
557 0.0160578 80.069
558 0.0157964 80.1951
559 0.0220775 80.335
560 0.024022 80.4786
561 0.0178919 80.6143
562 0.0162697 80.7632
563 0.0126193 80.8871
564 0.0187044 81.0183
565 0.0169899 81.1574
566 0.0201578 81.2859
567 0.0165041 81.4192
568 0.0178519 81.5604
569 0.0113838 81.6934
570 0.0185101 81.831
571 0.0195097 81.9561
572 0.014962 82.0995
573 0.0123271 82.2448
574 0.0174883 82.3852
575 0.0134028 82.5202
576 0.0110451 82.6489
577 0.0181999 82.8035
578 0.0162041 82.9247
579 0.0180772 83.0602
580 0.0204899 83.2138
581 0.0148108 83.3508
582 0.0162811 83.4827
583 0.013239 83.6104
584 0.0179838 83.7549
585 0.0151509 83.8941
586 0.0186346 84.0329
587 0.0157329 84.1673
588 0.0091676 84.2906
589 0.010836 84.4324
590 0.0205857 84.5787
591 0.0209597 84.7137
592 0.0161603 84.8391
593 0.0142129 84.9934
594 0.0233016 85.1386
595 0.0121203 85.2831
596 0.0180825 85.4263
597 0.0091868 85.5672
598 0.0102 85.6933
599 0.0168621 85.8275
600 0.0109844 85.952
601 0.0138627 86.0873
602 0.0142952 86.2172
603 0.0379567 86.4275
604 0.0348158 86.6039
605 0.01124 86.7575
606 0.0098591 86.8993
607 0.009796 87.0386
608 0.0079135 87.1831
609 0.0110342 87.3237
610 0.0141507 87.4612
611 0.0146593 87.5956
612 0.0095162 87.7183
613 0.0139606 87.8453
614 0.0097739 87.9813
615 0.0156201 88.1024
616 0.0145985 88.2418
617 0.014951 88.3792
618 0.0158634 88.5049
619 0.007645 88.6407
620 0.0103325 88.7779
621 0.0132148 88.905
622 0.00977 89.0364
623 0.0112327 89.1713
624 0.0118395 89.3089
625 0.0113641 89.436
626 0.0136687 89.5764
627 0.0204879 89.7094
628 0.0079075 89.8686
629 0.0157087 90.0012
630 0.0144807 90.1438
631 0.0164394 90.2812
632 0.0073588 90.4195
633 0.0097611 90.5541
634 0.0118216 90.6952
635 0.0181398 90.8426
636 0.013536 90.981
637 0.0130716 91.1025
638 0.0114595 91.2607
639 0.0073763 91.4073
640 0.0138751 91.5472
641 0.0127199 91.6776
642 0.0153143 91.8049
643 0.0136177 91.9366
644 0.0185084 92.0637
645 0.0147883 92.2035
646 0.00940144 92.3373
647 0.00987773 92.4759
648 0.0220071 92.6142
649 0.00957844 92.7622
650 0.0169077 92.8992
651 0.0130637 93.0473
652 0.0145461 93.18
653 0.015267 93.309
654 0.0161398 93.4447
655 0.0140511 93.5855
656 0.0116179 93.7209
657 0.0128714 93.8531
658 0.0120114 93.9905
659 0.0093621 94.1243
660 0.0075767 94.2494
661 0.015214 94.3863
662 0.0111081 94.5241
663 0.0093255 94.6662
664 0.0111903 94.8073
665 0.0125079 94.9457
666 0.0073597 95.0829
667 0.0127558 95.2279
668 0.00904 95.363
669 0.0195138 95.4996
670 0.0117843 95.6484
671 0.0090048 95.7814
672 0.010644 95.9054
673 0.0120294 96.0456
674 0.0128545 96.1873
675 0.0141733 96.3225
676 0.0138606 96.4588
677 0.0149237 96.5814
678 0.0111856 96.7166
679 0.0133771 96.8481
680 0.0165442 96.9897
681 0.0182257 97.1273
682 0.0146337 97.2556
683 0.0100587 97.3973
684 0.0107273 97.5333
685 0.012369 97.6773
686 0.0107844 97.81
687 0.0116013 97.9351
688 0.0124485 98.0787
689 0.0169111 98.2133
690 0.0125463 98.3547
691 0.0090593 98.4983
692 0.0139848 98.6281
693 0.0131541 98.7601
694 0.0092784 98.8921
695 0.0154417 99.0164
696 0.0122349 99.1503
697 0.0157229 99.2881
698 0.0104528 99.4317
699 0.0155359 99.5854
700 0.0122108 99.7187
701 0.00923511 99.8517
702 0.0114029 99.9836
703 0.0104426 100.119
704 0.0199138 100.243
705 0.0140803 100.404
706 0.0130735 100.535
707 0.0108952 100.678
708 0.0151885 100.82
709 0.0159784 100.955
710 0.00896221 101.088
711 0.0108757 101.227
712 0.0148517 101.359
713 0.0145573 101.492
714 0.0154618 101.629
715 0.0137206 101.76
716 0.0196231 101.909
717 0.0166359 102.043
718 0.0174638 102.182
719 0.0100151 102.314
720 0.0179144 102.449
721 0.0132026 102.576
722 0.0156346 102.71
723 0.0156013 102.843
724 0.00968761 102.968
725 0.0134571 103.108
726 0.0112983 103.243
727 0.0156044 103.378
728 0.0133606 103.511
729 0.00935161 103.649
730 0.0105758 103.784
731 0.00906461 103.919
732 0.011835 104.057
733 0.0113408 104.188
734 0.00813411 104.333
735 0.0116535 104.483
736 0.0121117 104.628
737 0.0125382 104.752
738 0.0122182 104.894
739 0.0116993 105.029
740 0.0145621 105.156
741 0.0137119 105.292
742 0.0151661 105.428
743 0.0150529 105.56
744 0.0123814 105.707
745 0.0133558 105.845
746 0.00900951 105.987
747 0.0128596 106.121
748 0.0106598 106.267
749 0.0117472 106.394
750 0.0091967 106.529
751 0.011745 106.664
752 0.0126403 106.805
753 0.0130918 106.937
754 0.0088782 107.059
755 0.0070535