TimeStep Temps_Update Temps_Display Temps_Total
1 0.0001658 0.555812
2 0.0444837 0.854357
3 0.0001491 1.01933
4 0.0001358 1.17305
5 0.0001931 1.29903
6 0.0001169 1.43047
7 0.0001588 1.55795
8 0.0001427 1.68122
9 0.0001408 1.80721
10 0.0001513 1.93365
11 0.0001224 2.06
12 0.0001971 2.19642
13 0.0001373 2.3439
14 0.0001284 2.52109
15 0.0001721 2.65964
16 0.0001531 2.79497
17 0.0001551 2.91973
18 0.0001532 3.06426
19 0.000163901 3.18683
20 0.0001746 3.31105
21 0.0001555 3.42915
22 0.0001998 3.55301
23 0.000213 3.6794
24 0.000208001 3.79803
25 0.0002694 3.91957
26 0.0002148 4.0607
27 0.0004442 4.17618
28 0.0004316 4.31454
29 0.0003265 4.43668
30 0.0003661 4.5743
31 0.0004071 4.68931
32 0.0003832 4.82168
33 0.0002468 4.95325
34 0.000561201 5.06917
35 0.000588801 5.19558
36 0.000505801 5.318
37 0.0006685 5.44153
38 0.0002782 5.56209
39 0.0003334 5.67878
40 0.0006254 5.79699
41 0.0010458 5.9201
42 0.0003203 6.04739
43 0.0011995 6.16403
44 0.0010911 6.30577
45 0.0011914 6.42943
46 0.0005411 6.55647
47 0.0012029 6.6728
48 0.0011899 6.8157
49 0.000626601 6.93389
50 0.0004305 7.05347
51 0.0008666 7.17111
52 0.000614001 7.2945
53 0.000468601 7.41189
54 0.0011248 7.52811
55 0.0007545 7.65855
56 0.0011415 7.77579
57 0.000741 7.91534
58 0.0008027 8.02999
59 0.0006749 8.15034
60 0.0018998 8.26929
61 0.0010219 8.40748
62 0.0014043 8.52377
63 0.0013193 8.65682
64 0.0008404 8.77192
65 0.0018766 8.89021
66 0.0018657 9.01673
67 0.000689 9.15317
68 0.000983 9.26771
69 0.0013801 9.38333
70 0.0008797 9.4989
71 0.0030678 9.61574
72 0.0032488 9.75827
73 0.0008609 9.88644
74 0.0031004 10.0029
75 0.0012335 10.143
76 0.0016047 10.2572
77 0.0010843 10.381
78 0.000861 10.519
79 0.0028482 10.6332
80 0.0019941 10.7623
81 0.0013048 10.8891
82 0.001672 11.0225
83 0.0033028 11.1399
84 0.0014674 11.2831
85 0.0013262 11.3976
86 0.0016106 11.5199
87 0.0034333 11.6374
88 0.00117 11.7752
89 0.0037531 11.891
90 0.0018464 12.0316
91 0.0026301 12.151
92 0.0035367 12.3032
93 0.0013435 12.4223
94 0.0049559 12.5399
95 0.0032638 12.6718
96 0.0032812 12.7877
97 0.0030862 12.9162
98 0.0031131 13.0328
99 0.0014376 13.1665
100 0.0018353 13.294
101 0.0053112 13.4105
102 0.0040865 13.5469
103 0.0019826 13.6689
104 0.0031546 13.8006
105 0.0049116 13.9199
106 0.0030286 14.0527
107 0.0035723 14.1846
108 0.0025331 14.3105
109 0.0056087 14.4277
110 0.0058539 14.5655
111 0.0020692 14.6882
112 0.0037429 14.863
113 0.0019332 14.9849
114 0.004536 15.0994
115 0.0044392 15.2352
116 0.0075667 15.356
117 0.00313 15.4888
118 0.0041803 15.6067
119 0.0046954 15.7315
120 0.0049705 15.8509
121 0.0067213 15.9756
122 0.0055906 16.1033
123 0.008885 16.2336
124 0.005106 16.3592
125 0.0059142 16.4813
126 0.006589 16.6193
127 0.0059287 16.7432
128 0.0062928 16.8652
129 0.0074903 16.9864
130 0.0048869 17.1134
131 0.0044532 17.239
132 0.0056433 17.3653
133 0.0031076 17.4877
134 0.0089188 17.6047
135 0.0042561 17.7384
136 0.0032287 17.8547
137 0.0090914 17.9722
138 0.0058758 18.104
139 0.0109379 18.2204
140 0.0053188 18.3634
141 0.0072502 18.478
142 0.0101104 18.6019
143 0.0101786 18.7303
144 0.0069562 18.8563
145 0.0063646 18.9797
146 0.0036862 19.1136
147 0.0067756 19.2296
148 0.006445 19.3558
149 0.0061312 19.4755
150 0.0070905 19.5955
151 0.0075532 19.7191
152 0.0042719 19.8371
153 0.0039691 19.9643
154 0.0102975 20.0844
155 0.0063354 20.2226
156 0.0042548 20.3407
157 0.0082698 20.4618
158 0.013497 20.5897
159 0.0071747 20.7142
160 0.0062184 20.8453
161 0.0040907 20.9648
162 0.0052403 21.083
163 0.003821 21.2029
164 0.0090035 21.3208
165 0.0091186 21.4507
166 0.0093007 21.5723
167 0.0132883 21.6944
168 0.0077077 21.8228
169 0.0158432 21.9402
170 0.0073692 22.0839
171 0.0134513 22.1991
172 0.0128788 22.3403
173 0.0044527 22.4706
174 0.0098442 22.5871
175 0.0070759 22.7129
176 0.0083926 22.8399
177 0.0060369 22.9599
178 0.0060876 23.0795
179 0.005845 23.2015
180 0.0059488 23.3202
181 0.0106157 23.4408
182 0.0065171 23.5753
183 0.0264942 23.7023
184 0.0085746 23.839
185 0.0068877 23.9548
186 0.0139111 24.0755
187 0.00852306 24.2097
188 0.0201682 24.331
189 0.00752504 24.4619
190 0.0189601 24.5814
191 0.0119761 24.7129
192 0.0162 24.834
193 0.00618582 24.9679
194 0.0236898 25.092
195 0.0159358 25.2184
196 0.00671153 25.3376
197 0.0128141 25.4762
198 0.00886066 25.5962
199 0.0287043 25.7253
200 0.0064941 25.8527
201 0.0154709 25.971
202 0.0176891 26.1123
203 0.0257862 26.2405
204 0.0131017 26.3782
205 0.0086496 26.4952
206 0.0170657 26.6176
207 0.0185997 26.7418
208 0.0180854 26.8721
209 0.0150173 27.0079
210 0.0098907 27.1341
211 0.0131644 27.2526
212 0.0091639 27.3862
213 0.0088592 27.5025
214 0.0089109 27.6249
215 0.0146495 27.7447
216 0.0110885 27.8711
217 0.0164913 27.9898
218 0.0117016 28.12
219 0.0213492 28.2422
220 0.0162917 28.3805
221 0.0101086 28.5036
222 0.0240955 28.6282
223 0.0105696 28.7531
224 0.0422189 28.8958
225 0.0112662 29.022
226 0.0222292 29.1448
227 0.020385 29.2795
228 0.0226342 29.4032
229 0.0106502 29.53
230 0.0486717 29.6792
231 0.0165091 29.7968
232 0.0119455 29.9174
233 0.0105712 30.0405
234 0.0219779 30.1629
235 0.013754 30.29
236 0.0144426 30.4165
237 0.039069 30.5567
238 0.022034 30.6825
239 0.0142861 30.8117
240 0.0394853 30.9517
241 0.0125722 31.0767
242 0.0128869 31.2
243 0.0119869 31.3206
244 0.0128693 31.4424
245 0.0343165 31.5772
246 0.0237726 31.7034
247 0.0153694 31.8334
248 0.0139028 31.9532
249 0.0259584 32.0795
250 0.0246913 32.2046
251 0.0152227 32.3371
252 0.0136516 32.4537
253 0.0123739 32.5764
254 0.0127197 32.6953
255 0.0148673 32.8138
256 0.0121074 32.9343
257 0.0423153 33.077
258 0.013787 33.1938
259 0.0283997 33.3225
260 0.0144301 33.4416
261 0.0148692 33.565
262 0.0398706 33.7051
263 0.0144504 33.8461
264 0.0311664 33.9777
265 0.0488871 34.1271
266 0.0153063 34.2508
267 0.0145373 34.3734
268 0.0154151 34.4956
269 0.0173431 34.6173
270 0.0208548 34.74
271 0.0145937 34.8654
272 0.029141 34.9957
273 0.0156405 35.1204
274 0.0236159 35.2443
275 0.0151008 35.3682
276 0.0248427 35.4935
277 0.0125434 35.6165
278 0.0228413 35.7396
279 0.0151128 35.859
280 0.034324 35.9947
281 0.015434 36.117
282 0.015981 36.2408
283 0.0155894 36.3627
284 0.0158535 36.4866
285 0.0274398 36.6145
286 0.0236638 36.7393
287 0.0157475 36.8715
288 0.0398179 37.0121
289 0.0311104 37.1436
290 0.0156635 37.269
291 0.0164962 37.3879
292 0.0158552 37.5107
293 0.0355241 37.647
294 0.0164556 37.7691
295 0.0174165 37.8907
296 0.0167203 38.0109
297 0.0427586 38.1541
298 0.0166587 38.2766
299 0.016598 38.3999
300 0.0168564 38.5208
301 0.0166207 38.6425
302 0.0168712 38.7632
303 0.0468295 38.9104
304 0.0169387 39.031
305 0.017131 39.1537
306 0.0200007 39.2755
307 0.0362952 39.4125
308 0.0187958 39.5319
309 0.0271539 39.6593
310 0.0353961 39.7957
311 0.0417327 39.9383
312 0.0388183 40.0778
313 0.0169411 40.1998
314 0.0174146 40.3228
315 0.0201507 40.4452
316 0.0171929 40.5667
317 0.0459664 40.7132
318 0.0175309 40.8356
319 0.039806 40.9758
320 0.0457254 41.122
321 0.0182919 41.2452
322 0.0439925 41.3895
323 0.0223848 41.5127
324 0.0390885 41.6522
325 0.0194393 41.772
326 0.0178909 41.8954
327 0.0195455 42.0169
328 0.024585 42.1423
329 0.0420117 42.2848
330 0.0179764 42.4077
331 0.0193162 42.5307
332 0.0175302 42.6569
333 0.0206396 42.7793
334 0.0350898 42.9147
335 0.0228118 43.0479
336 0.0181205 43.1784
337 0.042428 43.3214
338 0.0189886 43.4424
339 0.0171741 43.566
340 0.0157596 43.6892
341 0.0210066 43.8106
342 0.0159842 43.9334
343 0.0177412 44.0538
344 0.0147756 44.1799
345 0.0194287 44.2998
346 0.0415221 44.4416
347 0.0243346 44.5667
348 0.01412 44.6898
349 0.0177031 44.8088
350 0.049586 44.9588
351 0.0227016 45.0818
352 0.0466669 45.2289
353 0.0297062 45.3988
354 0.0223998 45.5214
355 0.0333337 45.6551
356 0.0185278 45.7808
357 0.0501577 45.932
358 0.0174364 46.0534
359 0.0172189 46.1755
360 0.0172401 46.299
361 0.0163282 46.4187
362 0.0173131 46.5435
363 0.0464421 46.6902
364 0.0167202 46.8121
365 0.0171136 46.9324
366 0.0639358 47.0967
367 0.017277 47.226
368 0.0198168 47.3491
369 0.0163334 47.4722
370 0.0167196 47.595
371 0.0501191 47.7456
372 0.0518978 47.8985
373 0.0211317 48.0276
374 0.0199663 48.1558
375 0.051009 48.3074
376 0.0167129 48.4264
377 0.0184557 48.5504
378 0.0165131 48.673
379 0.0399761 48.8145
380 0.0168161 48.9379
381 0.0572606 49.0956
382 0.0479054 49.244
383 0.0359311 49.3803
384 0.0407295 49.5214
385 0.0148542 49.6437
386 0.0180349 49.7629
387 0.0205502 49.8886
388 0.0467892 50.036
389 0.0162286 50.1599
390 0.0158839 50.2826
391 0.0359763 50.4188
392 0.0156655 50.5353
393 0.0365719 50.6723
394 0.0416199 50.8145
395 0.0196181 50.9377
396 0.017969 51.0596
397 0.0377905 51.1982
398 0.029107 51.3292
399 0.0420157 51.472
400 0.0153338 51.59
401 0.0226054 51.7132
402 0.016797 51.8462
403 0.0385218 51.9859
404 0.015819 52.1099
405 0.0158406 52.2288
406 0.0435737 52.3727
407 0.0165127 52.4969
408 0.0147141 52.6198
409 0.0427988 52.7632
410 0.039714 52.9036
411 0.0271445 53.031
412 0.0199001 53.1511
413 0.0173689 53.2772
414 0.0210505 53.4015
415 0.0108581 53.5261
416 0.02174 53.6481
417 0.0135008 53.7784
418 0.0148464 53.9078
419 0.015795 54.0265
420 0.0116765 54.1502
421 0.0123688 54.2702
422 0.0429128 54.4136
423 0.0196857 54.5401
424 0.0398205 54.6804
425 0.0201725 54.8019
426 0.0250137 54.9369
427 0.0231523 55.0737
428 0.066295 55.2437
429 0.0525223 55.4002
430 0.0178716 55.5229
431 0.0239777 55.6813
432 0.0541192 55.8665
433 0.0217899 56.0354
434 0.0196083 56.168
435 0.0226218 56.2909
436 0.0416178 56.4418
437 0.0263789 56.5869
438 0.0152741 56.7044
439 0.0440446 56.8517
440 0.0619767 57.0421
441 0.0178949 57.2069
442 0.0370079 57.3447
443 0.0192815 57.5038
444 0.00931358 57.6293
445 0.0123539 57.7497
446 0.0106631 57.8744
447 0.0119029 57.9999
448 0.010589 58.1235
449 0.0124736 58.2451
450 0.0126078 58.368
451 0.0083394 58.5147
452 0.0136195 58.6353
453 0.0104149 58.7609
454 0.0160176 58.8916
455 0.0138667 59.0168
456 0.0108522 59.1431
457 0.0164811 59.2693
458 0.010523 59.394
459 0.0167676 59.5208
460 0.0081906 59.6456
461 0.0150379 59.7673
462 0.0108014 59.9022
463 0.0077425 60.0215
464 0.0152629 60.1437
465 0.0133967 60.267
466 0.0108868 60.3936
467 0.0129596 60.5187
468 0.0094075 60.646
469 0.0125278 60.774
470 0.0127487 60.8994
471 0.0100784 61.0233
472 0.0115189 61.1529
473 0.0094475 61.2869
474 0.012648 61.4078
475 0.0211748 61.5311
476 0.0221521 61.6752
477 0.0259992 61.8021
478 0.0250316 61.9379
479 0.0143639 62.0658
480 0.008673 62.1885
481 0.0266775 62.3157
482 0.008506 62.4463
483 0.0302641 62.5782
484 0.0129437 62.7136
485 0.0089455 62.8378
486 0.0077953 62.9571
487 0.0184543 63.0796
488 0.0098457 63.2167
489 0.0191253 63.3364
490 0.0141695 63.4713
491 0.0073986 63.6029
492 0.0203421 63.7297
493 0.0097086 63.8573
494 0.0096479 63.9758
495 0.0075486 64.1054
496 0.0055144 64.2229
497 0.0065145 64.3417
498 0.0060351 64.4612
499 0.0062951 64.5823
500 0.0148903 64.7015
501 0.0114104 64.8436
502 0.0144914 64.9609
503 0.0074303 65.1001
504 0.0108406 65.2198
505 0.0082709 65.3432
506 0.0095179 65.4671
507 0.0061928 65.5883
508 0.011451 65.7089
509 0.012368 65.8461
510 0.0123214 65.968
511 0.0059676 66.097
512 0.0113317 66.2171
513 0.008338 66.3388
514 0.0091949 66.4726
515 0.0046265 66.5996
516 0.0121052 66.7239
517 0.0073156 66.857
518 0.0067517 66.9882
519 0.0056557 67.1062
520 0.0053944 67.2317
521 0.0147243 67.3531
522 0.0121863 67.4906
523 0.0050711 67.6234
524 0.0067039 67.7501
525 0.004722 67.8723
526 0.0041239 67.9966
527 0.0042342 68.1152
528 0.0085191 68.235
529 0.0056033 68.3692
530 0.0101576 68.4905
531 0.0049576 68.6231
532 0.0095938 68.7411
533 0.00477 68.8775
534 0.0115785 68.9994
535 0.0060676 69.176
536 0.0037542 69.2981
537 0.0071828 69.4443
538 0.0060161 69.5631
539 0.0039528 69.6971
540 0.0048589 69.8175
541 0.0043403 69.9384
542 0.0079373 70.061
543 0.0035195 70.2031
544 0.0059618 70.326
545 0.0037709 70.4483
546 0.003841 70.5799
547 0.0040451 70.6997
548 0.0034682 70.8199
549 0.0031558 70.9461
550 0.0039547 71.0671
551 0.0035119 71.1902
552 0.0032127 71.3159
553 0.0033747 71.4347
554 0.0031326 71.5613
555 0.0025176 71.6852
556 0.0024926 71.8089
557 0.0027532 71.9335
558 0.0028563 72.0728
559 0.0024446 72.1939
560 0.0027486 72.316
561 0.0025625 72.4375
562 0.002667 72.562
563 0.0024828 72.6861
564 0.002115 72.8047
565 0.0021046 72.9285
566 0.0021089 73.0524
567 0.0022709 73.1759
568 0.001988 73.2985
569 0.0021814 73.4228
570 0.0019449 73.5415
571 0.0022594 73.6661
572 0.0026968 73.7853
573 0.003952 73.9039
574 0.0018837 74.0274
575 0.0019338 74.1494
576 0.0016438 74.273
577 0.0016217 74.3942
578 0.0019383 74.5169
579 0.0022783 74.6607
580 0.0016037 74.7828
581 0.0018313 74.9066
582 0.0016558 75.0309
583 0.0017222 75.1541
584 0.0017442 75.2785
585 0.0015111 75.403
586 0.0013043 75.5251
587 0.0014922 75.6459
588 0.0016919 75.7926
589 0.0014386 75.9191
590 0.0016395 76.0437
591 0.0011781 76.1645
592 0.0014228 76.2843
593 0.0012322 76.4078
594 0.0011592 76.5303
595 0.0015291 76.6542
596 0.0010501 76.7764
597 0.0009873 76.9013
598 0.0013395 77.0242
599 0.0011 77.1486
600 0.0009394 77.2723
601 0.0010044 77.3966
602 0.0012352 77.5186
603 0.0010577 77.6375
604 0.0009386 77.7601
605 0.0008674 77.8827
606 0.0008996 78.0052
607 0.0008051 78.1275
608 0.0007813 78.2465
609 0.0009942 78.3683
610 0.0009286 78.4901
611 0.0010022 78.6116
612 0.0010797 78.7336
613 0.000735501 78.8535
614 0.0009144 78.9723
615 0.0007182 79.0935
616 0.0008054 79.2158
617 0.0006373 79.3366
618 0.0006044 79.4569
619 0.0005627 79.5839
620 0.0005056 79.7048
621 0.000555 79.8243
622 0.0005708 79.9508
623 0.000571701 80.0725
624 0.0005882 80.1925
625 0.0004515 80.3145
626 0.0006167 80.4363
627 0.0005422 80.5573
628 0.0004352 80.679
629 0.0004754 80.801
630 0.0003713 80.923
631 0.0004987 81.0459
632 0.0005269 81.1682
633 0.000443199 81.2895
634 0.0003815 81.4115
635 0.0005109 81.5326
636 0.0009898 81.6515
637 0.0004444 81.7929
638 0.0005965 81.9097
639 0.0004172 82.0496
640 0.000582599 82.167
641 0.0004147 82.2929
642 0.000469 82.4113
643 0.0003985 82.5303
644 0.0004404 82.6491
645 0.0003177 82.7674
646 0.0008009 82.8864
647 0.001059 83.0231
648 0.0003379 83.1604
649 0.0003576 83.2932
650 0.0008202 83.4107
651 0.0002722 83.5743
652 0.0003317 83.6912
653 0.0003606 83.8301
654 0.0004646 83.9472
655 0.0004359 84.0781
656 0.0002588 84.196
657 0.0007191 84.3153
658 0.0004129 84.4412
659 0.0002411 84.5785
660 0.0003531 84.6944
661 0.0008117 84.817
662 0.0003055 84.9384
663 0.0006271 85.0574
664 0.0006667 85.1916
665 0.000754999 85.3191
666 0.0003399 85.4534
667 0.0011236 85.5707
668 0.0004654 85.7242
669 0.0002377 85.841
670 0.0004435 85.9731
671 0.0004265 86.1029
672 0.0005831 86.2394
673 0.000284299 86.365
674 0.0002197 86.4999
675 0.0004106 86.6173
676 0.0006249 86.7383
677 0.0006083 86.8649
678 0.0003174 87.0048
679 0.0002557 87.122
680 0.0003821 87.2446
681 0.0004354 87.3655
682 0.0002852 87.4946
683 0.0002968 87.6126
684 0.0005434 87.7423
685 0.0002307 87.8764
686 0.0004973 87.9929
687 0.0005412 88.13
688 0.0003385 88.2578
689 0.0002844 88.3859
690 0.000364199 88.5052
691 0.0002066 88.626
692 0.000201999 88.7451
693 0.0001829 88.8648
694 0.0002366 88.9893
695 0.0002036 89.1082
696 0.0002258 89.2279
697 0.000286999 89.3477
698 0.000178799 89.4685
699 0.0001833 89.5923
700 0.000191599 89.711
701 0.0001994 89.8298
702 0.000335299 89.9487
703 0.000346799 90.0755
704 0.0003865 90.2081
705 0.000437899 90.338
706 0.000359 90.4659
707 0.000412199 90.5908
708 0.000244499 90.7247
709 0.0004464 90.8433
710 0.0003033 90.9746
711 0.000448699 91.0916
712 0.000291399 91.2342
713 0.000282099 91.362
714 0.000270699 91.4808
715 0.0002663 91.616
716 0.000384299 91.7374
717 0.000462 91.8732
718 0.0002002 91.994
719 0.0002034 92.125
720 0.0002086 92.2449
721 0.0002303 92.3673
722 0.0001984 92.4883
723 0.0004478 92.6101
724 0.000452699 92.7441
725 0.0002456 92.8747
726 0.0002859 93.0009
727 0.0004044 93.1261
728 0.000278999 93.2553
729 0.000356399 93.3732
730 0.0002281 93.5117
731 0.000187199 93.6327
732 0.0001681 93.7513
733 0.0002168 93.8705
734 0.0002316 93.9902
735 0.000593699 94.111
736 0.0001628 94.2298
737 0.000141899 94.3485
738 0.0001775 94.4887
739 0.0002013 94.6083
740 0.0004408 94.7286
741 0.0001355 94.8669
742 0.0002806 94.9835
743 0.0003229 95.1076
744 0.0002687 95.2284
745 0.0002779 95.3552
746 0.0004657 95.4814
747 0.0001971 95.6214
748 0.0003147 95.7383
749 0.0003964 95.8716
750 0.0001915 95.9884
751 0.0001852 96.1081
752 0.0001718 96.2477