TimeStep Temps_Avancement Temps_Affichage Temps_Simulation
1 0.0010053 0.824353 0.878649
2 0.0006728 0.0292033 0.960066
3 0.0001598 0.14008 1.15052
4 0.0001505 0.0266953 1.22758
5 0.0001645 0.0232771 1.30119
6 0.0001319 0.0265525 1.37808
7 0.0001717 0.018507 1.44693
8 0.0001453 0.0206765 1.518
9 0.0001369 0.0213207 1.58964
10 0.0001692 0.0257472 1.66606
11 0.0003595 0.0225368 1.73937
12 0.00026 0.0229658 1.81276
13 0.0001184 0.0590297 1.92207
14 0.0002302 0.0231537 1.99568
15 0.0002604 0.0210787 2.06735
16 0.0001949 0.0204109 2.13818
17 0.0002043 0.0176346 2.21222
18 0.0001796 0.018768 2.28146
19 0.0004529 0.0340549 2.36626
20 0.0002683 0.0208972 2.43762
21 0.0002685 0.026494 2.51472
22 0.0002023 0.0265906 2.59172
23 0.0002304 0.0240052 2.6664
24 0.0002979 0.0163669 2.73349
25 0.0002214 0.0185803 2.80262
26 0.000218 0.0159736 2.86912
27 0.0001797 0.0161745 2.93668
28 0.0002399 0.0318084 3.0189
29 0.0002067 0.0196062 3.0891
30 0.0001888 0.0144707 3.15395
31 0.0003476 0.0195892 3.22419
32 0.0003087 0.0181876 3.29307
33 0.0003819 0.0179868 3.3616
34 0.0002855 0.017401 3.4296
35 0.0003768 0.017596 3.49773
36 0.0002877 0.0154662 3.56371
37 0.0002981 0.0201031 3.63431
38 0.000303 0.0174847 3.70227
39 0.0004209 0.0413158 3.79422
40 0.0005902 0.0154926 3.8605
41 0.0003921 0.0150865 3.92618
42 0.0003442 0.0149083 3.99164
43 0.0003293 0.0155415 4.05771
44 0.000395 0.0193168 4.12761
45 0.000633 0.0209419 4.19951
46 0.0005421 0.0178495 4.26816
47 0.0005105 0.0167875 4.33566
48 0.0005465 0.0162452 4.40268
49 0.0004236 0.0150773 4.46837
50 0.0004412 0.0189167 4.53811
51 0.0005797 0.0175773 4.60644
52 0.0006554 0.022288 4.67972
53 0.0004571 0.0219556 4.75247
54 0.0005637 0.0174346 4.82071
55 0.0007955 0.0244461 4.89633
56 0.0032206 0.0262895 4.97612
57 0.0005303 0.0290688 5.05588
58 0.0005443 0.0206453 5.12732
59 0.0009837 0.026031 5.20452
60 0.0009514 0.0189833 5.2747
61 0.0006918 0.0231796 5.3488
62 0.0007327 0.0225723 5.42234
63 0.0008192 0.0246948 5.49804
64 0.0007351 0.0196294 5.56862
65 0.0007108 0.017035 5.63661
66 0.001188 0.0178251 5.70577
67 0.0010518 0.017894 5.77488
68 0.0009018 0.0191689 5.84516
69 0.0012576 0.0169784 5.91366
70 0.0009159 0.0163132 5.98108
71 0.0012565 0.0230411 6.0557
72 0.0011924 0.0148803 6.12201
73 0.0012987 0.0668465 6.32816
74 0.0024856 0.0369171 6.4178
75 0.000827 0.0410725 6.50991
76 0.0011874 0.0231332 6.58443
77 0.0008688 0.0206422 6.65611
78 0.0012763 0.0546439 6.76221
79 0.0009632 0.187265 7.00098
80 0.001726 0.029897 7.08318
81 0.0015197 0.0365002 7.17153
82 0.001167 0.0205333 7.24339
83 0.0015563 0.0287806 7.32426
84 0.002377 0.0332565 7.41039
85 0.0015333 0.0298837 7.49196
86 0.0016738 0.0316693 7.57564
87 0.0014013 0.0286962 7.65595
88 0.0017663 0.0454608 7.75336
89 0.0011421 0.0221333 7.82677
90 0.0017808 0.036899 7.91561
91 0.0018524 0.0242997 7.99192
92 0.0013979 0.022707 8.06615
93 0.0019529 0.0239743 8.14225
94 0.001931 0.0296072 8.22409
95 0.0012365 0.0334332 8.30891
96 0.0013116 0.0199429 8.38061
97 0.0019257 0.0284563 8.46116
98 0.0029374 0.0284584 8.54282
99 0.0019068 0.0189061 8.61385
100 0.0029319 0.0279521 8.69492
101 0.0030851 0.0257011 8.77399
102 0.0022128 0.0161002 8.84244
103 0.0024541 0.0254269 8.92057
104 0.0017434 0.0156391 9.02261
105 0.0021876 0.0284715 9.10355
106 0.0023384 0.0210702 9.17716
107 0.0039341 0.0185382 9.24983
108 0.0035738 0.0282896 9.33187
109 0.0028977 0.0317049 9.41672
110 0.0020768 0.0191579 9.48824
111 0.00213 0.0193386 9.55995
112 0.0032202 0.0277619 9.64129
113 0.002193 0.0162915 9.70998
114 0.0041727 0.0287438 9.79306
115 0.003644 0.0237791 9.87077
116 0.0026537 0.0180774 9.94176
117 0.0027512 0.0199065 10.0146
118 0.0041541 0.0481171 10.1171
119 0.0025973 0.0188497 10.2257
120 0.0035121 0.0195075 10.2991
121 0.0034667 0.019715 10.3725
122 0.0047386 0.0284674 10.4558
123 0.0026521 0.017931 10.5266
124 0.0054851 0.0213727 10.6038
125 0.0034985 0.0284988 10.6861
126 0.0028793 0.0165546 10.7772
127 0.0041178 0.0448464 10.9128
128 0.0045645 0.0166309 10.9842
129 0.0039196 0.0216401 11.06
130 0.0054334 0.0246556 11.1403
131 0.0084098 0.0246478 11.2236
132 0.0048103 0.0192795 11.2979
133 0.0061748 0.0290781 11.3834
134 0.0063273 0.0225251 11.4625
135 0.0054392 0.030648 11.5488
136 0.0066799 0.0282876 11.6339
137 0.0034967 0.0173198 11.7049
138 0.0094666 0.0264773 11.791
139 0.0032883 0.0220951 11.8666
140 0.0064539 0.0291765 11.9525
141 0.0057743 0.0270381 12.0355
142 0.0051164 0.0194761 12.1103
143 0.0108544 0.023323 12.1948
144 0.0071961 0.0316529 12.2839
145 0.0035083 0.0171578 12.3551
146 0.0054545 0.0236673 12.4345
147 0.0040159 0.030765 12.5195
148 0.0054964 0.0273786 12.603
149 0.0047269 0.0196932 12.6777
150 0.0054899 0.025645 12.7589
151 0.0074536 0.0266808 12.8433
152 0.0101588 0.0454753 12.9494
153 0.0044387 0.023398 13.0274
154 0.006287 0.0282577 13.1121
155 0.0051313 0.0173386 13.1849
156 0.0097813 0.0221801 13.267
157 0.0113019 0.0233737 13.3521
158 0.0057849 0.0189067 13.4272
159 0.0116219 0.0224687 13.5115
160 0.0047137 0.0248539 13.5912
161 0.0069951 0.0251221 13.6737
162 0.0099276 0.0356641 13.7697
163 0.0070945 0.034697 13.8618
164 0.0106538 0.0198834 13.9425
165 0.0093925 0.0239076 14.0259
166 0.0133583 0.0331723 14.1227
167 0.0098477 0.0255133 14.2083
168 0.0106834 0.0491793 14.3183
169 0.0176568 0.0339734 14.4201
170 0.0195547 0.0469727 14.5368
171 0.0063127 0.0274215 14.6207
172 0.0064629 0.0261638 14.704
173 0.0059175 0.0241304 14.7846
174 0.006771 0.021055 14.8628
175 0.0071258 0.0263112 14.9467
176 0.0128574 0.0393306 15.103
177 0.0060477 0.0266307 15.1858
178 0.0185027 0.0292185 15.2837
179 0.0067279 0.0200775 15.3607
180 0.0101837 0.0259048 15.4474
181 0.0225862 0.0388478 15.5591
182 0.0095026 0.0186736 15.6491
183 0.0191835 0.0379888 15.7567
184 0.0173656 0.0366853 15.8611
185 0.0070157 0.0237596 15.9421
186 0.0122339 0.0251163 16.0296
187 0.0229596 0.0467195 16.1495
188 0.0083867 0.0204863 16.2285
189 0.0145627 0.0218509 16.3152
190 0.0215075 0.02103 16.408
191 0.009169 0.020737 16.4881
192 0.0217653 0.0258055 16.5859
193 0.0123908 0.0192137 16.6677
194 0.0187474 0.0207859 16.7574
195 0.016759 0.028046 16.8524
196 0.0183837 0.0294133 16.9504
197 0.0133963 0.0228592 17.0368
198 0.0098741 0.0223298 17.1192
199 0.0138913 0.0420192 17.2252
200 0.0218171 0.0253359 17.3226
201 0.0096613 0.0221751 17.4046
202 0.0096192 0.0313357 17.4957
203 0.0166586 0.0236654 17.5862
204 0.0115111 0.0274876 17.6755
205 0.0170912 0.0527094 17.7955
206 0.0395593 0.0846412 17.9699
207 0.0284472 0.0454506 18.094
208 0.0129658 0.0528341 18.2104
209 0.0639502 0.0987153 18.4241
210 0.0440318 0.0503931 18.5689
211 0.0188073 0.0521978 18.69
212 0.0177326 0.0365333 18.7945
213 0.0259658 0.0452307 18.9166
214 0.0250833 0.0433381 19.0352
215 0.0192544 0.0386885 19.1434
216 0.0198724 0.0440665 19.2575
217 0.0584253 0.0430617 19.4092
218 0.0337357 0.0431631 19.5363
219 0.0192612 0.0384167 19.6443
220 0.02622 0.0341399 19.7548
221 0.0229336 0.0410504 19.869
222 0.0263578 0.0515854 19.9974
223 0.0435775 0.0561915 20.1474
224 0.0150958 0.0290741 20.2419
225 0.0143552 0.0263834 20.3329
226 0.0351831 0.0475775 20.4658
227 0.0150011 0.0216684 20.5527
228 0.0189651 0.0349516 20.6569
229 0.0202647 0.0554089 20.7827
230 0.0173284 0.0354872 20.8858
231 0.0161619 0.0257352 20.9779
232 0.0215767 0.0314347 21.0811
233 0.0385664 0.0465867 21.2164
234 0.0169178 0.0485214 21.332
235 0.0227951 0.0499257 21.455
236 0.017663 0.0353134 21.5585
237 0.0394262 0.059984 21.7081
238 0.028227 0.0200417 21.8066
239 0.0514279 0.0883772 21.9966
240 0.0577293 0.0837194 22.1881
241 0.040173 0.0758668 22.3543
242 0.0344932 0.0451856 22.4842
243 0.058355 0.0668388 22.6596
244 0.0348662 0.0276014 22.7722
245 0.0626326 0.0364024 22.9215
246 0.0171762 0.0230545 23.0119
247 0.0142815 0.0235891 23.1
248 0.0317815 0.0500064 23.232
249 0.0212848 0.0284963 23.332
250 0.0132083 0.021469 23.4168
251 0.0394877 0.0434735 23.55
252 0.0249643 0.0517601 23.6769
253 0.0168068 0.0285842 23.7725
254 0.0171797 0.0271026 23.8999
255 0.0432973 0.0304463 24.0239
256 0.0440021 0.0521348 24.1703
257 0.0391557 0.0291106 24.2887
258 0.0242251 0.0388388 24.4019
259 0.0361301 0.0462523 24.5344
260 0.0248926 0.0392643 24.6488
261 0.0571557 0.031754 24.788
262 0.0260067 0.0244062 24.8887
263 0.0196972 0.0217592 25.0185
264 0.0230718 0.025056 25.1169
265 0.0173552 0.0295062 25.2139
266 0.0391529 0.0288768 25.3321
267 0.0182873 0.0258145 25.4264
268 0.0174183 0.0241619 25.5181
269 0.0244638 0.029271 25.6221
270 0.0183443 0.0230376 25.7137
271 0.0176809 0.0200925 25.8018
272 0.0157464 0.0198885 25.8876
273 0.0181248 0.0195386 25.9757
274 0.0174975 0.0230354 26.0665
275 0.0765834 0.0615046 26.2547
276 0.0309456 0.0207161 26.3566
277 0.0200784 0.0237058 26.4506
278 0.0155121 0.0207338 26.537
279 0.0326019 0.0402685 26.6601
280 0.0194073 0.0209205 26.7506
281 0.016886 0.0248294 26.8424
282 0.0271169 0.0565696 26.9763
283 0.028051 0.0215672 27.076
284 0.0190831 0.0247897 27.1701
285 0.0213412 0.024817 27.2664
286 0.0412046 0.0438926 27.4018
287 0.02825 0.0316245 27.5119
288 0.0241127 0.0283928 27.6146
289 0.0417315 0.0361819 27.7427
290 0.0309354 0.0383447 27.8622
291 0.0748627 0.0450566 28.0373
292 0.0195063 0.0226885 28.1297
293 0.0932224 0.0827025 28.3559
294 0.0251855 0.0211192 28.4524
295 0.0410979 0.043674 28.5874
296 0.0263451 0.0244161 28.6884
297 0.0346946 0.0415782 28.8148
298 0.0212171 0.0211097 28.9072
299 0.0292642 0.0624722 29.0492
300 0.0571198 0.0399431 29.1964
301 0.0259257 0.0298021 29.3029
302 0.0508855 0.0463837 29.4505
303 0.0287336 0.0550116 29.5845
304 0.054986 0.0234524 29.7132
305 0.0225754 0.0282842 29.8143
306 0.0385573 0.0387696 29.9418
307 0.019001 0.021429 30.0324
308 0.0236405 0.025148 30.1313
309 0.0479892 0.0350551 30.2646
310 0.0229189 0.0294252 30.3671
311 0.0232677 0.0210923 30.4621
312 0.0208653 0.0204458 30.5538
313 0.0191575 0.0225744 30.6457
314 0.036344 0.0330219 30.7652
315 0.0208381 0.0210919 30.8573
316 0.0425013 0.0347253 30.9848
317 0.055184 0.0401005 31.1303
318 0.0246176 0.0384965 31.2436
319 0.0302046 0.0325709 31.3565
320 0.0280366 0.0342321 31.469
321 0.0514127 0.070681 31.6413
322 0.0515095 0.029727 31.7728
323 0.0253851 0.0271139 31.8755
324 0.0251093 0.0311411 31.9819
325 0.0255765 0.0266368 32.0844
326 0.0306734 0.0481708 32.2135
327 0.0280621 0.034816 32.3266
328 0.112515 0.0255433 32.515
329 0.0245944 0.0236799 32.6513
330 0.0350213 0.0378031 32.7744
331 0.137371 0.174632 33.1366
332 0.10223 0.0723369 33.3614
333 0.1417 0.0913339 33.6446
334 0.0395139 0.029975 33.7646
335 0.0462872 0.0487708 33.9099
336 0.0462427 0.0288515 34.0352
337 0.0366769 0.0418357 34.1642
338 0.0582398 0.0484111 34.3212
339 0.0354209 0.0269051 34.4337
340 0.0261108 0.030883 34.541
341 0.0245696 0.0237999 34.6397
342 0.0221539 0.0253741 34.7375
343 0.0273231 0.0240707 34.8391
344 0.0278611 0.0240184 34.9413
345 0.045973 0.0477757 35.0854
346 0.0212969 0.0378089 35.1948
347 0.0249706 0.0313178 35.3014
348 0.0201275 0.0219258 35.3937
349 0.0214568 0.024701 35.4901
350 0.0238087 0.0221564 35.5863
351 0.0219727 0.0213189 35.6799
352 0.0193767 0.0261449 35.7756
353 0.0317979 0.0417224 35.8992
354 0.0308398 0.0364403 36.0167
355 0.033057 0.0383512 36.1383
356 0.0308712 0.0504139 36.2698
357 0.0495882 0.0569721 36.4265
358 0.0474227 0.0322088 36.5563
359 0.0291019 0.0307708 36.6663
360 0.0285161 0.0304861 36.7755
361 0.0296771 0.0297477 36.8853
362 0.0356473 0.0247027 36.9958
363 0.0290798 0.0359524 37.1111
364 0.0319424 0.0416781 37.235
365 0.0236253 0.0267785 37.3356
366 0.0257462 0.0230812 37.4346
367 0.0237592 0.0226115 37.5312
368 0.0227131 0.0273623 37.6315
369 0.0223647 0.0225559 37.7268
370 0.0255952 0.0300949 37.8327
371 0.0370944 0.0364313 37.9565
372 0.0246974 0.0270911 38.0586
373 0.0398255 0.0550384 38.2036
374 0.0356773 0.0342793 38.3237
375 0.0291365 0.0316902 38.4347
376 0.027574 0.0401056 38.5526
377 0.0305512 0.0323527 38.6658
378 0.0258433 0.0398098 38.7817
379 0.0338532 0.0270893 38.8929
380 0.0651502 0.0236139 39.0318
381 0.0393631 0.0310801 39.1525
382 0.022648 0.02782 39.2531
383 0.0268805 0.0236134 39.3538
384 0.0231107 0.023009 39.4502
385 0.0183189 0.0208648 39.5398
386 0.0191071 0.0216924 39.6308
387 0.0185801 0.0209471 39.7205
388 0.0303911 0.0220842 39.8232
389 0.0211272 0.0208749 39.9156
390 0.0221119 0.0203247 40.0084
391 0.0214616 0.0209811 40.1011
392 0.0408216 0.0404708 40.2327
393 0.0233884 0.0297681 40.336
394 0.0326814 0.0288708 40.4478
395 0.0396988 0.0385601 40.5762
396 0.0334422 0.0476344 40.7074
397 0.0278104 0.0357276 40.8212
398 0.03563 0.0352041 40.9423
399 0.0265372 0.0293878 41.0484
400 0.0501744 0.0729799 41.2254
401 0.0312372 0.028939 41.3359
402 0.0303638 0.0287033 41.4451
403 0.0363841 0.0364852 41.5682
404 0.0501902 0.0737047 41.7423
405 0.0382337 0.0244134 41.8551
406 0.0231798 0.0703425 41.9988
407 0.027086 0.0486251 42.1256
408 0.057114 0.0511726 42.2842
409 0.0249735 0.0322007 42.3915
410 0.0254199 0.022355 42.4895
411 0.0276748 0.0249816 42.5923
412 0.025007 0.0322818 42.7
413 0.0326951 0.0530079 42.8358
414 0.0225241 0.0335613 42.9421
415 0.025624 0.0286168 43.0465
416 0.039599 0.0319999 43.1683
417 0.0576688 0.0485398 43.3247
418 0.0259444 0.0339878 43.4349
419 0.0263386 0.11148 43.6228
420 0.0558792 0.038763 43.7676
421 0.0262067 0.0525887 43.8966
422 0.023777 0.0323993 44.0031
423 0.0217535 0.0603357 44.1355
424 0.0201728 0.0364089 44.2422
425 0.0192581 0.037068 44.349
426 0.0263029 0.0460019 44.4717
427 0.0185032 0.028374 44.5688
428 0.0213463 0.0272968 44.6677
429 0.0190747 0.0262084 44.7632
430 0.0284957 0.0601545 44.902
431 0.0391401 0.10073 45.0975
432 0.0495798 0.0775346 45.2748
433 0.077404 0.0364213 45.4388
434 0.0322537 0.0475685 45.5688
435 0.0447311 0.0264895 45.6901
436 0.0279722 0.0294238 45.7977
437 0.0196786 0.0238637 45.8915
438 0.0513021 0.185884 46.1789
439 0.0720733 0.0640104 46.3662
440 0.0247252 0.0444168 46.4855
441 0.0223938 0.0351051 46.5932
442 0.0226706 0.0281679 46.6943
443 0.0153922 0.0246657 46.7846
444 0.0201984 0.0259201 46.8809
445 0.0198821 0.0241937 46.9866
446 0.0146042 0.0234072 47.0753
447 0.0206216 0.0570926 47.2034
448 0.0178577 0.048181 47.3196
449 0.0155819 0.0210258 47.4066
450 0.0139105 0.0249984 47.496
451 0.017751 0.0237408 47.5878
452 0.0213749 0.0274442 47.6867
453 0.0230888 0.0203236 47.7804
454 0.0179994 0.0220986 47.8706
455 0.0197701 0.0265426 47.9672
456 0.0243935 0.0440853 48.086
457 0.0413218 0.0597775 48.2376
458 0.0560936 0.0348444 48.3787
459 0.0219878 0.0247399 48.4757
460 0.016892 0.0284514 48.5712
461 0.0182003 0.0241912 48.6637
462 0.0173766 0.0338036 48.7652
463 0.148394 0.106305 49.0703
464 0.0696633 0.104648 49.296
465 0.0454187 0.167372 49.5591
466 0.0229467 0.0232255 49.6557
467 0.0198744 0.0357305 49.7615
468 0.0153129 0.0391651 49.8661
469 0.0199014 0.033617 49.9698
470 0.015576 0.0233034 50.059
471 0.014554 0.0238455 50.1703
472 0.0211113 0.034624 50.2763
473 0.0138207 0.0218483 50.3623
474 0.011624 0.0210887 50.4452
475 0.0107856 0.0189233 50.5251
476 0.0172935 0.0257572 50.6184
477 0.0142942 0.0258302 50.7087
478 0.0259554 0.0299525 50.8148
479 0.0164875 0.023155 50.9059
480 0.0166321 0.0279699 51.0008
481 0.0327771 0.0375812 51.13
482 0.0212166 0.0367211 51.2381
483 0.0374645 0.0671675 51.3929
484 0.0259845 0.0241523 51.4933
485 0.0160291 0.0286802 51.5884
486 0.0153902 0.0245397 51.6785
487 0.0117661 0.0273474 51.7678
488 0.0167908 0.0235815 51.8584
489 0.0126394 0.0234509 51.9447
490 0.0110312 0.0237493 52.0298
491 0.0155683 0.0269234 52.1226
492 0.0309895 0.0285751 52.2324
493 0.0253695 0.0241125 52.3322
494 0.0220195 0.0215355 52.426
495 0.0217196 0.0213304 52.5192
496 0.0211877 0.0221139 52.6128
497 0.0210879 0.0218862 52.7063
498 0.0216965 0.0217654 52.8001
499 0.020587 0.0221412 52.893
500 0.0216895 0.150498 53.1155
501 0.0152276 0.0255421 53.2073
502 0.0124804 0.0266166 53.2966
503 0.014308 0.0251737 53.3863
504 0.0108276 0.0233828 53.4923
505 0.0172973 0.029046 53.5889
506 0.0095331 0.02385 53.6728
507 0.0096915 0.0192895 53.752
508 0.0083493 0.0202266 53.8308
509 0.0123111 0.0238002 53.9172
510 0.0139259 0.0255386 54.0068
511 0.0129501 0.0334612 54.1035
512 0.0110751 0.0188944 54.1837
513 0.0088399 0.0220366 54.2647
514 0.0091458 0.0230401 54.3471
515 0.0085088 0.0238799 54.4297
516 0.0105499 0.0207151 54.5113
517 0.0063285 0.0188465 54.5867
518 0.0124012 0.0262826 54.6756
519 0.0254253 0.04731 54.7985
520 0.0191092 0.0578341 54.9256
521 0.0208947 0.0317203 55.0286
522 0.0078806 0.0298467 55.1165
523 0.0065974 0.0235811 55.1969
524 0.0077034 0.0210177 55.2757
525 0.0072268 0.0217654 55.3549
526 0.0072483 0.0187734 55.4313
527 0.0062742 0.0183148 55.506
528 0.0069611 0.0175818 55.5807
529 0.0076115 0.0178435 55.6563
530 0.0102247 0.0194391 55.7361
531 0.0084676 0.0244326 55.8194
532 0.0055631 0.0181511 55.8933
533 0.0062154 0.0180315 55.968
534 0.0055038 0.0181546 56.042
535 0.0054989 0.0192839 56.117
536 0.0052743 0.0318445 56.2043
537 0.0058327 0.0195847 56.2801
538 0.0054421 0.0175311 56.3532
539 0.0060641 0.0177987 56.4273
540 0.0075137 0.0201101 56.5052
541 0.0043168 0.0221105 56.5818
542 0.0058885 0.019708 56.6578
543 0.0073894 0.0195579 56.7349
544 0.0070967 0.020027 56.8123
545 0.0042039 0.0236104 56.8904
546 0.0047564 0.0198494 56.9652
547 0.0063156 0.0209002 57.0426
548 0.005919 0.0210689 57.1197
549 0.0069169 0.0194655 57.1963
550 0.0054154 0.0215061 57.2734
551 0.006607 0.0198597 57.3502
552 0.0043722 0.0232221 57.428
553 0.0043452 0.0180496 57.5006
554 0.0039098 0.0210071 57.5757
555 0.0069408 0.0169349 57.6499
556 0.0052662 0.0209898 57.7264
557 0.0054027 0.0206202 57.8028
558 0.0031328 0.0183251 57.8746
559 0.0066642 0.020418 57.9518
560 0.003928 0.0207876 58.0267
561 0.0061216 0.0283211 58.1114
562 0.0036059 0.017526 58.1827
563 0.004402 0.0174078 58.2547
564 0.0052173 0.032636 58.3427
565 0.005679 0.0230701 58.4217
566 0.0045004 0.0176017 58.4939
567 0.0061689 0.024404 58.5747
568 0.0040748 0.018391 58.6475
569 0.0025416 0.0172394 58.7177
570 0.0025228 0.0266627 58.7973
571 0.00252 0.0174119 58.8676
572 0.0070389 0.046597 58.9715
573 0.0040075 0.0217475 59.0474
574 0.0037216 0.028073 59.1294
575 0.0042849 0.0402359 59.2242
576 0.0032288 0.0231315 59.3007
577 0.0026462 0.0293242 59.3828
578 0.002508 0.0220744 59.4578
579 0.0040957 0.0273093 59.5397
580 0.0025241 0.0201408 59.6125
581 0.0039535 0.0229051 59.6896
582 0.0026304 0.0226395 59.7652
583 0.0026067 0.0210568 59.8391
584 0.0043519 0.0217594 59.9154
585 0.0023329 0.0182574 59.9862
586 0.0035725 0.0273177 60.0673
587 0.0021456 0.0238235 60.1435
588 0.002729 0.0193899 60.216
589 0.0018087 0.0176078 60.2856
590 0.0027888 0.0191388 60.3576
591 0.0029657 0.0283633 60.4392
592 0.0025894 0.0201684 60.5121
593 0.0022083 0.0198289 60.6385
594 0.0027732 0.0379065 60.7295
595 0.0019549 0.0165853 60.7983
596 0.002492 0.0179868 60.8689
597 0.0029333 0.0273014 60.9493
598 0.0017351 0.0189976 61.0202
599 0.0018485 0.0174988 61.0899
600 0.0022781 0.0203598 61.1627
601 0.0019624 0.0249628 61.2399
602 0.0019756 0.0195147 61.3117
603 0.0013083 0.0172534 61.3804
604 0.0017978 0.0226059 61.455
605 0.0013203 0.0174456 61.5239
606 0.0022168 0.018308 61.5946
607 0.0015187 0.0175404 61.6638
608 0.0011732 0.0213863 61.7366
609 0.0017109 0.0215244 61.81
610 0.0015857 0.018787 61.8806
611 0.0014268 0.0170241 61.9493
612 0.0011889 0.0210958 62.0217
613 0.0010855 0.0248333 62.0978
614 0.0012032 0.0203212 62.1694
615 0.0009061 0.0189617 62.2456
616 0.0016789 0.0274144 62.325
617 0.0008979 0.0186379 62.3947
618 0.0010705 0.0180419 62.464
619 0.0012347 0.0199261 62.5355
620 0.0007773 0.0203357 62.6067
621 0.0011645 0.0655879 62.7237
622 0.0009557 0.0326477 62.8075
623 0.0008306 0.0245976 62.8832
624 0.0010393 0.0173198 62.9518
625 0.0008353 0.0230418 63.0258
626 0.0009052 0.0205523 63.0975
627 0.0009099 0.0189663 63.1676
628 0.0007492 0.0224398 63.2411
629 0.0006905 0.0194314 63.3115
630 0.0009007 0.0256246 63.3884
631 0.000502 0.0161592 63.4552
632 0.0009392 0.0206151 63.5269
633 0.0007517 0.0243541 63.6023
634 0.0005687 0.0163259 63.6694
635 0.0007654 0.0282328 63.7485
636 0.0005884 0.0248665 63.8243
637 0.0005118 0.0179544 63.8931
638 0.000995 0.0181486 63.9626
639 0.0005312 0.0178359 64.0312
640 0.0004115 0.0175052 64.0993
641 0.000499 0.01814 64.1683
642 0.0005459 0.01757 64.2367
643 0.0006395 0.0174233 64.305
644 0.000488 0.0182295 64.374
645 0.0008472 0.0183328 64.4435
646 0.0004627 0.0190798 64.5132
647 0.000669 0.0186166 64.5827
648 0.0004465 0.0179689 64.6514
649 0.0006089 0.0175393 64.7198
650 0.0005695 0.017838 64.7885
651 0.0003738 0.0185415 64.8579
652 0.0004328 0.01843 65.4371
653 0.000385 0.0255446 65.5133
654 0.0004425 0.0915387 65.6942
655 0.0010079 0.0402609 65.7856
656 0.0006349 0.022726 65.8591
657 0.0005434 0.0246257 65.9348
658 0.0004178 0.0168796 66.0023
659 0.0004506 0.0223913 66.0756
660 0.0008493 0.0187228 66.1817
661 0.0005022 0.0332119 66.2658
662 0.0006509 0.0300083 66.3467
663 0.0005063 0.0184465 66.4269
664 0.0003797 0.0205545 66.498
665 0.0003946 0.0166411 66.5655
666 0.0007504 0.0289753 66.6454
667 0.0002568 0.0204638 66.7464
668 0.000563 0.044614 66.8418
669 0.0003273 0.0174964 66.9098
670 0.0004581 0.0180881 66.9786
671 0.0003047 0.0213489 67.0504
672 0.0005376 0.0324758 67.1338
673 0.0005251 0.0218523 67.2063
674 0.0003266 0.0208722 67.2777
675 0.0003416 0.0221529 67.3504
676 0.0003491 0.0163622 67.4173
677 0.0003353 0.0199781 67.488
678 0.0002866 0.0183195 67.5568
679 0.0002663 0.0202134 67.6277
680 0.0003458 0.0209324 67.6991
681 0.0003106 0.0187618 67.7685
682 0.0002835 0.0180627 67.8371
683 0.0003235 0.017934 67.9057
684 0.0003797 0.0160099 67.9723
685 0.0002772 0.0208253 68.0437
686 0.0002797 0.0171728 68.1113
687 0.0002705 0.0171652 68.1791
688 0.0002421 0.0166358 68.2462
689 0.0002541 0.0215531 68.3183
690 0.0002712 0.017026 68.386
691 0.0004141 0.0327279 68.4695
692 0.000352 0.0466801 68.5667
693 0.0003406 0.0221534 68.6394
694 0.0002333 0.0167152 68.7066
695 0.0001863 0.0189 68.7759
696 0.0004364 0.0222271 68.8488
697 0.0010505 0.0365952 68.9367
698 0.0002284 0.0167541 69.0039
699 0.0002685 0.0209723 69.0755
700 0.0004129 0.0209672 69.1472
701 0.000240999 0.0188358 69.2166
702 0.0002393 0.0164124 69.2837
703 0.0002368 0.0161253 69.3502
704 0.0002324 0.0553216 69.4559
705 0.0002135 0.030397 69.5367
706 0.0001448 0.016355 69.6035
707 0.0002407 0.0168972 69.6708
708 0.0001942 0.0219762 69.7432
709 0.0003131 0.0173746 69.8111
710 0.0002135 0.0235637 69.8852
711 0.0002002 0.0197142 69.9553
712 0.0002341 0.0193118 70.0254
713 0.0003105 0.0166411 70.0925
714 0.0001413 0.0202967 70.1631
715 0.0002516 0.0162934 70.2299
716 0.0001737 0.0226347 70.3029
717 0.000216 0.0173145 70.3706
718 0.0004506 0.0418611 70.4634
719 0.0001928 0.040053 70.5538
720 0.0005211 0.0219717 70.6507
721 0.0003834 0.0364826 70.7377
722 0.000235 0.0194058 70.8076
723 0.0002038 0.0172821 70.8753
724 0.0003149 0.0212902 70.9473
725 0.0005176 0.0431923 71.0414
726 0.0003789 0.0275363 71.1196
727 0.0002075 0.0374718 71.2075
728 0.0002238 0.0181923 71.276
729 0.0002621 0.0206824 71.3471
730 0.0001567 0.0302527 71.4277
731 0.0001527 0.0273524 71.5054
732 0.0001717 0.026565 71.5824
733 0.0001723 0.0410476 71.6738
734 0.0001694 0.0246594 71.7488
735 0.0001249 0.0233818 71.8225
736 0.0001582 0.0270987 71.8999
737 0.0001964 0.039358 71.9897
738 0.0002245 0.0263028 72.0665
739 0.0001295 0.0159307 72.1327
740 0.0002358 0.0198009 72.2029
741 0.0001247 0.0237985 72.277
742 0.0001266 0.0187915 72.3461
743 0.0001561 0.0210052 72.4175
744 0.0001291 0.0185576 72.4863
745 0.0001481 0.0208998 72.5575
746 0.0001386 0.0246759 72.6325
747 0.0002765 0.0198897 72.7029
748 0.0001915 0.0167302 72.7699
749 0.0001224 0.0281953 72.8485
750 0.0001856 0.016861 72.9158
751 0.000327 0.0230572 72.9893
752 0.0002099 0.0275956 73.0673
753 0.0001397 0.0185515 73.1362
754 0.0001671 0.0188653 73.2053
755 0.0001733 0.0223252 73.278
756 0.0001228 0.0192278 73.3476
757 0.0001953 0.0187928 73.4167
758 0.0001423 0.0239857 73.491
759 0.0001227 0.0246182 73.566
760 0.0001682 0.0183431 73.6348
761 0.0001604 0.0209434 73.7061
762 0.0001874 0.0197167 73.7761
763 0.0002692 0.0183188 73.8449
764 0.0001756 0.0175921 73.9128
765 0.0001464 0.0227999 73.9861
766 0.0002111 0.0165687 74.0531
767 0.0001822 0.0192133 74.1226
768 0.0002065 0.0164752 74.1895
769 0.0001292 0.0535788 74.2935
770 0.00017 0.0367863 74.3806
771 0.0001295 0.0201166 74.451
772 0.0002046 0.0198714 74.5213
773 0.0002588 0.0310315 74.6028
774 0.0002019 0.0206177 74.6739
775 0.0002029 0.0197477 74.7441
776 0.0001908 0.0187723 74.8133
777 0.0001839 0.0370829 74.9008
778 0.000258 0.01686 74.9682
779 0.0002912 0.0399499 75.0589
780 0.0001863 0.0173418 75.1266
781 0.0002257 0.0159431 75.193
782 0.0001449 0.0212685 75.2647
783 0.000201 0.0179534 75.333
784 0.0001293 0.0271967 75.4105
785 0.0001569 0.0162634 75.4773
786 0.0001415 0.0169705 75.5446
787 0.0001172 0.0220688 75.617
788 0.0001872 0.0213879 75.6888
789 0.0001256 0.0177062 75.757
790 0.0001815 0.016588 75.8239
791 0.0001724 0.0177 75.892
792 0.000177 0.0289716 75.9714
793 0.0003455 0.0312622 76.0535
794 0.0001748 0.016586 76.1204
795 0.0001223 0.0166268 76.1876
796 0.0004332 0.0560392 76.2944
797 0.0002178 0.0228543 76.3676
798 0.0002037 0.0202474 76.4383
799 0.0001532 0.0226737 76.5115
800 0.0002065 0.0193546 76.5812
801 0.0001204 0.0182948 76.65
802 0.0001774 0.0164279 76.7168
803 0.0001429 0.0248026 76.7919
804 0.0001131 0.0170386 76.8592
805 0.0002548 0.0184256 76.928
806 0.0001059 0.0207016 76.999
807 0.0001437 0.0174324 77.0668
808 0.0002243 0.0248502 77.1422
809 0.0001888 0.0177138 77.2264
810 0.000181 0.0219057 77.2989
811 0.0001614 0.0244194 77.3737
812 0.0002159 0.0356104 77.4597
813 0.0001738 0.017975 77.528
814 0.0001787 0.0166415 77.595
815 0.0001652 0.0289406 77.6745
816 0.000184 0.017038 77.7421
817 0.0002155 0.0197409 77.8122
818 0.0001982 0.0166821 77.8795
819 0.0001732 0.0169947 77.9469
820 0.000152 0.0235429 78.0208
821 0.0001063 0.0176974 78.0889
822 0.0001761 0.016806 78.156
823 0.0001092 0.0200197 78.2264
824 9.61e-05 0.0211172 78.298
825 0.0001962 0.0165541 78.365
826 0.0001726 0.0171532 78.4327
827 0.0001729 0.0165539 78.4996
828 0.0001216 0.0173657 78.5673
829 0.0001912 0.0162624 78.634
830 0.000135 0.0216762 78.7062
831 0.0001817 0.0169501 78.7734
832 0.0001817 0.0169948 78.8408
833 0.0002481 0.016616 78.9079
834 0.0001278 0.0175614 78.9761
835 0.0001712 0.0167997 79.0432
836 0.0001654 0.0419257 79.1355
837 0.0001178 0.0417561 79.2276
838 0.0001614 0.021206 79.2991
839 0.0001577 0.025163 79.3746
840 0.0001439 0.0213075 79.4463
841 0.0001188 0.0242817 79.5209
842 9.56e-05 0.0163406 79.5878
843 0.0001973 0.0175485 79.6557
844 0.0002019 0.0259084 79.732
845 0.000182 0.0188859 79.8013
846 0.0001634 0.0184569 79.8701
847 0.0001437 0.0193731 79.9398
848 0.0001685 0.0175592 80.0077
849 6.88e-05 0.0291189 80.087
850 5.44e-05 0.0271063 80.1948
851 0.0001889 0.0207665 80.266
852 0.0001633 0.021487 80.3379
853 0.0002153 0.0380587 80.4264
854 0.0001404 0.018128 80.4951
855 0.0001632 0.0173933 80.5627
856 8.77e-05 0.0166358 80.6298
857 0.0001676 0.0166016 80.6968
858 0.0001065 0.0244415 80.7717
859 0.0001672 0.0180924 80.8402
860 0.0001531 0.0191976 80.9097
861 0.0001657 0.0176028 80.9776
862 0.0001118 0.021231 81.0492
863 0.0001679 0.0164517 81.1161
864 0.0001857 0.0171625 81.1839
865 0.0001897 0.0162305 81.2506
866 0.0001868 0.0225044 81.3236
867 0.0002193 0.0294405 81.4034
868 0.000157 0.0165329 81.4703
869 0.0001849 0.0167976 81.5376
870 0.000165 0.019816 81.6078
871 0.0001799 0.0299307 81.6883
872 0.000149 0.0166964 81.7555
873 0.0001906 0.0168271 81.8227
874 0.00012 0.0185995 81.8917
875 0.0001523 0.0166276 81.9587
876 0.0001216 0.0202267 82.0295
877 0.0001572 0.017426 82.0972
878 0.0001101 0.022311 82.1698
879 0.0001452 0.0179531 82.2381
880 0.0001252 0.0226009 82.311
881 0.0001672 0.0169793 82.3784
882 0.000125 0.0196691 82.4486
883 0.0001651 0.0181783 82.5171
884 0.0002049 0.0202128 82.5879
885 0.0001803 0.0173473 82.6556
886 0.0001131 0.0192044 82.7251
887 0.0001345 0.0180011 82.7934
888 0.000145 0.0208918 82.8648
889 0.0001677 0.0166609 82.9319
890 0.0005398 0.074264 83.0569
891 0.0001285 0.0296822 83.1371
892 0.0001758 0.0199403 83.2074
893 0.0001123 0.0221601 83.2799
894 0.0001347 0.0231805 83.3534
895 0.0001694 0.0163207 83.4201
896 0.0001619 0.0216093 83.4921
897 0.000196 0.0161957 83.5587
898 0.0001882 0.0165858 83.6258
899 0.0002826 0.0417541 83.7183
900 0.0001269 0.0355245 83.8041
901 0.0001459 0.0177416 83.8722
902 0.0001772 0.0202067 83.9427
903 0.0001207 0.053923 84.0469
904 0.0001267 0.0190138 84.1162
905 0.0001201 0.0209974 84.1875
906 0.0001307 0.0244135 84.2624
907 0.000177 0.0211528 84.3339
908 0.0001606 0.0242452 84.4085
909 0.0001801 0.0196274 84.4787
910 0.0001802 0.0187335 84.5479
911 0.0001675 0.0162448 84.6145
912 0.0002397 0.0343879 84.6995
913 0.0001522 0.0216484 84.7715
914 0.0001021 0.0215134 84.8432
915 0.0001375 0.0192548 84.913
916 0.0002158 0.0203212 85.0085
917 0.0001861 0.0232433 85.0822
918 0.0001829 0.0200805 85.1527
919 0.0002295 0.0230164 85.2262
920 0.0001069 0.0172235 85.2938
921 0.0001536 0.0166278 85.3608
922 0.0001118 0.0166192 85.4277
923 0.000113 0.0183204 85.4964
924 0.0001698 0.0170217 85.5638
925 7.97e-05 0.0210769 85.6353
926 0.0001557 0.0165528 85.7023
927 0.0001692 0.0166984 85.7695
928 0.0001539 0.0167817 85.8366
929 0.0001515 0.0183739 85.9053
930 0.0002369 0.0425214 85.9983
931 0.0001505 0.0165904 86.0654
932 0.0001514 0.031728 86.1475
933 0.0002526 0.0248257 86.223
934 0.0001602 0.0183965 86.2917
935 0.0001555 0.0172365 86.3594
936 0.0002049 0.0319268 86.4418
937 0.00026 0.0495353 86.5418
938 0.0001976 0.0160909 86.6085
939 0.0001612 0.0170543 86.6759
940 0.0001009 0.0226047 86.749
941 0.000235 0.0201349 86.8195
942 0.0001802 0.0229084 86.8928
943 0.0001797 0.0178746 86.9895
944 0.0001881 0.0219185 87.062
945 0.0003251 0.0166032 87.1291
946 0.0001095 0.0203461 87.2
947 0.0001557 0.0322966 87.2826
948 0.000181 0.0208133 87.354
949 0.0001866 0.0162347 87.4206
950 0.0001423 0.0226291 87.4936
951 0.0001762 0.0245513 87.5687
952 0.000154 0.0190512 87.6381
953 0.0001538 0.0166642 87.7051
954 0.0001494 0.0286326 87.7843
955 0.0001554 0.0306295 87.8653
956 0.0001206 0.0254658 87.9412
957 0.0001176 0.0207454 88.0122
958 0.000188 0.0231645 88.0857
959 0.0002291 0.0243047 88.1605
960 0.0001881 0.0238072 88.2347
961 0.0001558 0.0201796 88.3054
962 0.0001623 0.0175144 88.3733
963 0.0002093 0.0373446 88.4611
964 0.0002124 0.0167402 88.5283
